<?xml version="1.0" encoding="UTF-8"?>
<!-- Generated by org.testng.reporters.JUnitXMLReporter -->
<testsuite hostname="abc-PC" name="Login Facebook and Search Kolkata" tests="1" failures="0" timestamp="28 Apr 2018 07:56:06 GMT" time="0.073" errors="0">
  <testcase name="@BeforeTest launchBrowser" time="0.0" classname="testNg.LoginToFB">
    <failure type="org.testng.TestNGException" message="
Parameter &amp;apos;browser&amp;apos; is required by @Configuration on method launchBrowser but has not been marked @Optional or defined
in C:\Users\abc\Desktop\Selenium\selenium\src\facebooklogin.xml">
      <![CDATA[org.testng.TestNGException: 
Parameter 'browser' is required by @Configuration on method launchBrowser but has not been marked @Optional or defined
in C:\Users\abc\Desktop\Selenium\selenium\src\facebooklogin.xml
... Removed 19 stack frames]]>
    </failure>
  </testcase> <!-- @BeforeTest launchBrowser -->
  <testcase name="loginFB" time="0.012" classname="testNg.LoginToFB">
    <skipped/>
  </testcase> <!-- loginFB -->
</testsuite> <!-- Login Facebook and Search Kolkata -->
